Arguments: 
  /usr/bin/node /usr/share/yarn/bin/yarn.js add pg

PATH: 
  /usr/local/sbin:/usr/local/bin:/usr/sbin:/usr/bin:/sbin:/bin:/usr/games:/usr/local/games:/snap/bin

Yarn version: 
  1.22.4

Node version: 
  13.11.0

Platform: 
  linux x64

Trace: 
  Error: read ECONNRESET
      at TLSWrap.onStreamRead (internal/stream_base_commons.js:205:27)

npm manifest: 
  {
    "name": "monster_api",
    "version": "1.0.0",
    "main": "index.js",
    "author": "phantware <phantmoney2011@gmail.com>",
    "license": "MIT",
    "scripts": {
      "start": "nodemon index.js",
      "configure": "./bin/configuredb.sh"
    }
  }

yarn manifest: 
  No manifest

Lockfile: 
  No lockfile
